<?xml version="1.0" encoding="UTF-8"?>
<!-- Generated by org.testng.reporters.JUnitReportReporter -->
<testsuite hostname="EPBYMINW7572" failures="0" tests="8" name="com.epam.atl2019cw10.testNG.IsNegativeLongTest" time="0.004" errors="0" timestamp="2019-04-09T17:15:43 MSK" skipped="0">
  <testcase classname="com.epam.atl2019cw10.testNG.IsNegativeLongTest" name="isNegativeLongTest" time="0.000"/>
  <testcase classname="com.epam.atl2019cw10.testNG.IsNegativeLongTest" name="isNegativeLongTest" time="0.000"/>
  <testcase classname="com.epam.atl2019cw10.testNG.IsNegativeLongTest" name="isNegativeLongTest" time="0.000"/>
  <testcase classname="com.epam.atl2019cw10.testNG.IsNegativeLongTest" name="isNegativeLongTest" time="0.000"/>
  <testcase classname="com.epam.atl2019cw10.testNG.IsNegativeLongTest" name="isNegativeLongTest" time="0.000"/>
  <testcase classname="com.epam.atl2019cw10.testNG.IsNegativeLongTest" name="isNegativeLongTest" time="0.000"/>
  <testcase classname="com.epam.atl2019cw10.testNG.IsNegativeLongTest" name="isNegativeLongTest" time="0.004"/>
  <testcase classname="com.epam.atl2019cw10.testNG.IsNegativeLongTest" name="isNegativeLongTest" time="0.000"/>
</testsuite> <!-- com.epam.atl2019cw10.testNG.IsNegativeLongTest -->
